<?xml version="1.0" encoding="UTF-8"?>
<!-- Generated by org.testng.reporters.JUnitReportReporter -->
<testsuite skipped="0" hostname="DESKTOP-A15AP0F" name="com.iNetBanking.testCases.TC_LoginPageTest_001" tests="1" failures="0" timestamp="2021-07-01T22:54:30 IST" time="3.553" errors="0">
  <testcase name="loginTest" time="3.553" classname="com.iNetBanking.testCases.TC_LoginPageTest_001"/>
  <system-out/>
</testsuite> <!-- com.iNetBanking.testCases.TC_LoginPageTest_001 -->
