<?xml version="1.0" encoding="UTF-8"?>
<!-- Generated by org.testng.reporters.JUnitReportReporter -->
<testsuite skipped="0" hostname="DESKTOP-A15AP0F" name="com.iNetBanking.testCases.TC_LoginPageTest_001" tests="1" failures="0" timestamp="2021-06-26T22:10:14 IST" time="11.640" errors="0">
  <testcase name="loginTest" time="11.640" classname="com.iNetBanking.testCases.TC_LoginPageTest_001"/>
  <system-out/>
</testsuite> <!-- com.iNetBanking.testCases.TC_LoginPageTest_001 -->
